0 info it worked if it ends with ok
1 verbose cli [ '/usr/bin/nodejs', '/usr/bin/npm', 'run', 'cors' ]
2 info using npm@3.10.10
3 info using node@v6.10.0
4 verbose run-script [ 'precors', 'cors', 'postcors' ]
5 info lifecycle angular-quickstart@1.0.0~precors: angular-quickstart@1.0.0
6 silly lifecycle angular-quickstart@1.0.0~precors: no script for precors, continuing
7 info lifecycle angular-quickstart@1.0.0~cors: angular-quickstart@1.0.0
8 verbose lifecycle angular-quickstart@1.0.0~cors: unsafe-perm in lifecycle true
9 verbose lifecycle angular-quickstart@1.0.0~cors: PATH: /usr/lib/node_modules/npm/bin/node-gyp-bin:/home/majki/Dokumenty/zpp_pkp/quickstart/node_modules/.bin:/usr/lib/node_modules/npm/bin/node-gyp-bin:/home/majki/Dokumenty/zpp_pkp/quickstart/node_modules/.bin:/usr/local/sbin:/usr/local/bin:/usr/sbin:/usr/bin:/sbin:/bin:/usr/games:/usr/local/games:/usr/lib/jvm/java-8-oracle/bin:/usr/lib/jvm/java-8-oracle/db/bin:/usr/lib/jvm/java-8-oracle/jre/bin
10 verbose lifecycle angular-quickstart@1.0.0~cors: CWD: /home/majki/Dokumenty/zpp_pkp/quickstart
11 silly lifecycle angular-quickstart@1.0.0~cors: Args: [ '-c', 'corsproxy' ]
12 info lifecycle angular-quickstart@1.0.0~cors: Failed to exec cors script
13 verbose stack Error: angular-quickstart@1.0.0 cors: `corsproxy`
13 verbose stack spawn ENOENT
13 verbose stack     at ChildProcess.<anonymous> (/usr/lib/node_modules/npm/lib/utils/spawn.js:33:16)
13 verbose stack     at emitTwo (events.js:106:13)
13 verbose stack     at ChildProcess.emit (events.js:191:7)
13 verbose stack     at maybeClose (internal/child_process.js:877:16)
13 verbose stack     at Process.ChildProcess._handle.onexit (internal/child_process.js:226:5)
14 verbose pkgid angular-quickstart@1.0.0
15 verbose cwd /home/majki/Dokumenty/zpp_pkp/quickstart
16 error Linux 3.13.0-86-generic
17 error argv "/usr/bin/nodejs" "/usr/bin/npm" "run" "cors"
18 error node v6.10.0
19 error npm  v3.10.10
20 error file sh
21 error code ELIFECYCLE
22 error errno ENOENT
23 error syscall spawn
24 error angular-quickstart@1.0.0 cors: `corsproxy`
24 error spawn ENOENT
25 error Failed at the angular-quickstart@1.0.0 cors script 'corsproxy'.
25 error Make sure you have the latest version of node.js and npm installed.
25 error If you do, this is most likely a problem with the angular-quickstart package,
25 error not with npm itself.
25 error Tell the author that this fails on your system:
25 error     corsproxy
25 error You can get information on how to open an issue for this project with:
25 error     npm bugs angular-quickstart
25 error Or if that isn't available, you can get their info via:
25 error     npm owner ls angular-quickstart
25 error There is likely additional logging output above.
26 verbose exit [ 1, true ]
